[APP] - 2024-01-12 08:00:37:037 [31merror[39m: [31mCannot read properties of undefined (reading 'get')[39m
[Index] - 2024-01-12 08:04:15:415 [31merror[39m: [31mCannot read properties of undefined (reading 'get')[39m
[APP] - 2024-01-12 08:26:51:2651 [32minfo[39m: [32mStarting Nest application...[39m
[APP] - 2024-01-12 08:26:51:2651 [32minfo[39m: [32mAppController {/}:[39m
[APP] - 2024-01-12 08:26:51:2651 [32minfo[39m: [32mMapped {/, GET} route[39m
[APP] - 2024-01-12 08:26:51:2651 [32minfo[39m: [32mTodoController {/todo}:[39m
[APP] - 2024-01-12 08:26:51:2651 [32minfo[39m: [32mMapped {/todo/list, GET} route[39m
[APP] - 2024-01-12 08:26:51:2651 [32minfo[39m: [32mNest application successfully started[39m
[APP] - 2024-01-12 08:26:51:2651 [32minfo[39m: [32mTypeOrmModule dependencies initialized[39m
[APP] - 2024-01-12 08:26:51:2651 [32minfo[39m: [32mAppModule dependencies initialized[39m
[APP] - 2024-01-12 08:26:51:2651 [32minfo[39m: [32mTypeOrmCoreModule dependencies initialized[39m
[APP] - 2024-01-12 08:57:02:572 [32minfo[39m: [32mStarting Nest application...[39m
[APP] - 2024-01-12 08:57:02:572 [32minfo[39m: [32mAppController {/}:[39m
[APP] - 2024-01-12 08:57:02:572 [32minfo[39m: [32mMapped {/, GET} route[39m
[APP] - 2024-01-12 08:57:02:572 [32minfo[39m: [32mTodoController {/todo}:[39m
[APP] - 2024-01-12 08:57:02:572 [32minfo[39m: [32mMapped {/todo/list, GET} route[39m
[APP] - 2024-01-12 08:57:02:572 [32minfo[39m: [32mNest application successfully started[39m
[APP] - 2024-01-12 08:57:02:572 [32minfo[39m: [32mTypeOrmModule dependencies initialized[39m
[APP] - 2024-01-12 08:57:02:572 [32minfo[39m: [32mAppModule dependencies initialized[39m
[APP] - 2024-01-12 08:57:02:572 [32minfo[39m: [32mTypeOrmCoreModule dependencies initialized[39m
[APP] - 2024-01-12 09:03:11:311 [32minfo[39m: [32mStarting Nest application...[39m
[APP] - 2024-01-12 09:03:11:311 [32minfo[39m: [32mAppController {/}:[39m
[APP] - 2024-01-12 09:03:11:311 [32minfo[39m: [32mMapped {/, GET} route[39m
[APP] - 2024-01-12 09:03:11:311 [32minfo[39m: [32mTodoController {/todo}:[39m
[APP] - 2024-01-12 09:03:11:311 [32minfo[39m: [32mMapped {/todo/list, GET} route[39m
[APP] - 2024-01-12 09:03:11:311 [32minfo[39m: [32mNest application successfully started[39m
[APP] - 2024-01-12 09:03:11:311 [32minfo[39m: [32mTypeOrmModule dependencies initialized[39m
[APP] - 2024-01-12 09:03:11:311 [32minfo[39m: [32mAppModule dependencies initialized[39m
[APP] - 2024-01-12 09:03:11:311 [32minfo[39m: [32mTypeOrmCoreModule dependencies initialized[39m
